mode: set
github.com/usmon1983/wallet/pkg/wallet/service.go:25.32,27.2 1 0
github.com/usmon1983/wallet/pkg/wallet/service.go:33.37,35.2 1 1
github.com/usmon1983/wallet/pkg/wallet/service.go:58.79,59.37 1 1
github.com/usmon1983/wallet/pkg/wallet/service.go:64.2,72.21 4 1
github.com/usmon1983/wallet/pkg/wallet/service.go:59.37,60.29 1 0
github.com/usmon1983/wallet/pkg/wallet/service.go:60.29,62.4 1 0
github.com/usmon1983/wallet/pkg/wallet/service.go:75.70,76.17 1 1
github.com/usmon1983/wallet/pkg/wallet/service.go:80.2,81.33 2 1
github.com/usmon1983/wallet/pkg/wallet/service.go:88.2,88.20 1 1
github.com/usmon1983/wallet/pkg/wallet/service.go:92.2,93.12 2 1
github.com/usmon1983/wallet/pkg/wallet/service.go:76.17,78.3 1 0
github.com/usmon1983/wallet/pkg/wallet/service.go:81.33,82.26 1 1
github.com/usmon1983/wallet/pkg/wallet/service.go:82.26,84.9 2 1
github.com/usmon1983/wallet/pkg/wallet/service.go:88.20,90.3 1 0
github.com/usmon1983/wallet/pkg/wallet/service.go:96.117,97.17 1 1
github.com/usmon1983/wallet/pkg/wallet/service.go:101.2,102.33 2 1
github.com/usmon1983/wallet/pkg/wallet/service.go:108.2,108.20 1 1
github.com/usmon1983/wallet/pkg/wallet/service.go:112.2,112.30 1 1
github.com/usmon1983/wallet/pkg/wallet/service.go:116.2,126.21 5 1
github.com/usmon1983/wallet/pkg/wallet/service.go:97.17,99.3 1 0
github.com/usmon1983/wallet/pkg/wallet/service.go:102.33,103.26 1 1
github.com/usmon1983/wallet/pkg/wallet/service.go:103.26,105.9 2 1
github.com/usmon1983/wallet/pkg/wallet/service.go:108.20,110.3 1 0
github.com/usmon1983/wallet/pkg/wallet/service.go:112.30,114.3 1 0
github.com/usmon1983/wallet/pkg/wallet/service.go:129.76,131.38 2 1
github.com/usmon1983/wallet/pkg/wallet/service.go:138.2,138.20 1 1
github.com/usmon1983/wallet/pkg/wallet/service.go:142.2,142.21 1 1
github.com/usmon1983/wallet/pkg/wallet/service.go:131.38,132.31 1 1
github.com/usmon1983/wallet/pkg/wallet/service.go:132.31,134.9 2 1
github.com/usmon1983/wallet/pkg/wallet/service.go:138.20,140.3 1 1
github.com/usmon1983/wallet/pkg/wallet/service.go:145.51,147.16 2 1
github.com/usmon1983/wallet/pkg/wallet/service.go:161.2,162.16 2 1
github.com/usmon1983/wallet/pkg/wallet/service.go:177.2,179.12 3 1
github.com/usmon1983/wallet/pkg/wallet/service.go:147.16,149.3 1 0
github.com/usmon1983/wallet/pkg/wallet/service.go:162.16,164.3 1 0
github.com/usmon1983/wallet/pkg/wallet/service.go:182.78,183.37 1 1
github.com/usmon1983/wallet/pkg/wallet/service.go:188.2,188.32 1 1
github.com/usmon1983/wallet/pkg/wallet/service.go:183.37,184.30 1 1
github.com/usmon1983/wallet/pkg/wallet/service.go:184.30,186.4 1 1
github.com/usmon1983/wallet/pkg/wallet/service.go:191.110,194.16 2 0
github.com/usmon1983/wallet/pkg/wallet/service.go:199.2,200.16 2 0
github.com/usmon1983/wallet/pkg/wallet/service.go:204.2,204.21 1 0
github.com/usmon1983/wallet/pkg/wallet/service.go:194.16,196.3 1 0
github.com/usmon1983/wallet/pkg/wallet/service.go:200.16,202.3 1 0
github.com/usmon1983/wallet/pkg/wallet/service.go:207.95,210.16 2 1
github.com/usmon1983/wallet/pkg/wallet/service.go:215.2,216.16 2 1
github.com/usmon1983/wallet/pkg/wallet/service.go:222.2,223.40 2 1
github.com/usmon1983/wallet/pkg/wallet/service.go:231.2,231.31 1 1
github.com/usmon1983/wallet/pkg/wallet/service.go:210.16,212.3 1 0
github.com/usmon1983/wallet/pkg/wallet/service.go:216.16,218.3 1 0
github.com/usmon1983/wallet/pkg/wallet/service.go:223.40,226.17 2 1
github.com/usmon1983/wallet/pkg/wallet/service.go:226.17,228.4 1 0
